============================= test session starts =============================
platform win32 -- Python 3.11.9, pytest-9.1.1, pluggy-1.6.0 -- F:\Personal_Project\Vin\K4-L3B-D7_Phan-Danh-Dat-2A202602627\venv\Scripts\python.exe
cachedir: .pytest_cache
rootdir: F:\Personal_Project\Vin\K4-L3B-D7_Phan-Danh-Dat-2A202602627
plugins: anyio-4.15.1
collecting ... collected 62 items

tests/test_edge_cases.py::test_sentence_chunker_ignores_empty_input[] PASSED [  1%]
tests/test_edge_cases.py::test_sentence_chunker_ignores_empty_input[ \t\n  ] PASSED [  3%]
tests/test_edge_cases.py::test_sentence_chunker_preserves_punctuation_and_final_sentence PASSED [  4%]
tests/test_edge_cases.py::test_recursive_chunker_preserves_content_and_enforces_size[None] PASSED [  6%]
tests/test_edge_cases.py::test_recursive_chunker_preserves_content_and_enforces_size[separators1] PASSED [  8%]
tests/test_edge_cases.py::test_recursive_chunker_preserves_content_and_enforces_size[separators2] PASSED [  9%]
tests/test_edge_cases.py::test_recursive_chunker_preserves_content_and_enforces_size[separators3] PASSED [ 11%]
tests/test_edge_cases.py::test_recursive_chunker_merges_adjacent_short_lines PASSED [ 12%]
tests/test_edge_cases.py::test_empty_comparison_has_no_chunks_or_division_by_zero PASSED [ 14%]
tests/test_edge_cases.py::test_cosine_is_scale_invariant_and_accepts_empty_vectors PASSED [ 16%]
tests/test_edge_cases.py::test_cosine_rejects_different_dimensions_instead_of_truncating PASSED [ 17%]
tests/test_edge_cases.py::test_store_copies_metadata_on_ingest_and_on_search PASSED [ 19%]
tests/test_edge_cases.py::test_store_defaults_doc_id_without_mutating_document_metadata PASSED [ 20%]
tests/test_edge_cases.py::test_duplicate_ids_append_and_delete_removes_every_matching_record PASSED [ 22%]
tests/test_edge_cases.py::test_delete_uses_original_doc_id_and_keeps_other_documents PASSED [ 24%]
tests/test_edge_cases.py::test_filter_all_fields_before_ranking_and_top_k PASSED [ 25%]
tests/test_edge_cases.py::test_nonpositive_top_k_returns_no_results[0] PASSED [ 27%]
tests/test_edge_cases.py::test_nonpositive_top_k_returns_no_results[-1] PASSED [ 29%]
tests/test_edge_cases.py::test_agent_passes_retrieved_context_source_and_question_to_llm PASSED [ 30%]
tests/test_edge_cases.py::test_agent_with_empty_store_does_not_call_llm PASSED [ 32%]
tests/test_solution.py::TestProjectStructure::test_root_main_entrypoint_exists PASSED [ 33%]
tests/test_solution.py::TestProjectStructure::test_src_package_exists PASSED [ 35%]
tests/test_solution.py::TestClassBasedInterfaces::test_chunker_classes_exist PASSED [ 37%]
tests/test_solution.py::TestClassBasedInterfaces::test_mock_embedder_exists PASSED [ 38%]
tests/test_solution.py::TestFixedSizeChunker::test_chunks_respect_size PASSED [ 40%]
tests/test_solution.py::TestFixedSizeChunker::test_correct_number_of_chunks_no_overlap PASSED [ 41%]
tests/test_solution.py::TestFixedSizeChunker::test_empty_text_returns_empty_list PASSED [ 43%]
tests/test_solution.py::TestFixedSizeChunker::test_no_overlap_no_shared_content PASSED [ 45%]
tests/test_solution.py::TestFixedSizeChunker::test_overlap_creates_shared_content PASSED [ 46%]
tests/test_solution.py::TestFixedSizeChunker::test_returns_list PASSED   [ 48%]
tests/test_solution.py::TestFixedSizeChunker::test_single_chunk_if_text_shorter PASSED [ 50%]
tests/test_solution.py::TestSentenceChunker::test_chunks_are_strings PASSED [ 51%]
tests/test_solution.py::TestSentenceChunker::test_respects_max_sentences PASSED [ 53%]
tests/test_solution.py::TestSentenceChunker::test_returns_list PASSED    [ 54%]
tests/test_solution.py::TestSentenceChunker::test_single_sentence_max_gives_many_chunks PASSED [ 56%]
tests/test_solution.py::TestRecursiveChunker::test_chunks_within_size_when_possible PASSED [ 58%]
tests/test_solution.py::TestRecursiveChunker::test_empty_separators_falls_back_gracefully PASSED [ 59%]
tests/test_solution.py::TestRecursiveChunker::test_handles_double_newline_separator PASSED [ 61%]
tests/test_solution.py::TestRecursiveChunker::test_returns_list PASSED   [ 62%]
tests/test_solution.py::TestEmbeddingStore::test_add_documents_increases_size PASSED [ 64%]
tests/test_solution.py::TestEmbeddingStore::test_add_more_increases_further PASSED [ 66%]
tests/test_solution.py::TestEmbeddingStore::test_initial_size_is_zero PASSED [ 67%]
tests/test_solution.py::TestEmbeddingStore::test_search_results_have_content_key PASSED [ 69%]
tests/test_solution.py::TestEmbeddingStore::test_search_results_have_score_key PASSED [ 70%]
tests/test_solution.py::TestEmbeddingStore::test_search_results_sorted_by_score_descending PASSED [ 72%]
tests/test_solution.py::TestEmbeddingStore::test_search_returns_at_most_top_k PASSED [ 74%]
tests/test_solution.py::TestEmbeddingStore::test_search_returns_list PASSED [ 75%]
tests/test_solution.py::TestKnowledgeBaseAgent::test_answer_non_empty PASSED [ 77%]
tests/test_solution.py::TestKnowledgeBaseAgent::test_answer_returns_string PASSED [ 79%]
tests/test_solution.py::TestComputeSimilarity::test_identical_vectors_return_1 PASSED [ 80%]
tests/test_solution.py::TestComputeSimilarity::test_opposite_vectors_return_minus_1 PASSED [ 82%]
tests/test_solution.py::TestComputeSimilarity::test_orthogonal_vectors_return_0 PASSED [ 83%]
tests/test_solution.py::TestComputeSimilarity::test_zero_vector_returns_0 PASSED [ 85%]
tests/test_solution.py::TestCompareChunkingStrategies::test_counts_are_positive PASSED [ 87%]
tests/test_solution.py::TestCompareChunkingStrategies::test_each_strategy_has_count_and_avg_length PASSED [ 88%]
tests/test_solution.py::TestCompareChunkingStrategies::test_returns_three_strategies PASSED [ 90%]
tests/test_solution.py::TestEmbeddingStoreSearchWithFilter::test_filter_by_department PASSED [ 91%]
tests/test_solution.py::TestEmbeddingStoreSearchWithFilter::test_no_filter_returns_all_candidates PASSED [ 93%]
tests/test_solution.py::TestEmbeddingStoreSearchWithFilter::test_returns_at_most_top_k PASSED [ 95%]
tests/test_solution.py::TestEmbeddingStoreDeleteDocument::test_delete_reduces_collection_size PASSED [ 96%]
tests/test_solution.py::TestEmbeddingStoreDeleteDocument::test_delete_returns_false_for_nonexistent_doc PASSED [ 98%]
tests/test_solution.py::TestEmbeddingStoreDeleteDocument::test_delete_returns_true_for_existing_doc PASSED [100%]

============================= 62 passed in 0.05s ==============================
