============================= test session starts =============================
platform win32 -- Python 3.11.9, pytest-9.1.1, pluggy-1.6.0 -- F:\Personal_Project\Vin\K4-L3B-D7_Phan-Danh-Dat-2A202602627\venv\Scripts\python.exe
cachedir: .pytest_cache
rootdir: F:\Personal_Project\Vin\K4-L3B-D7_Phan-Danh-Dat-2A202602627
plugins: anyio-4.15.1
collecting ... collected 81 items

tests/test_edge_cases.py::test_sentence_chunker_ignores_empty_input[] PASSED [  1%]
tests/test_edge_cases.py::test_sentence_chunker_ignores_empty_input[ \t\n  ] PASSED [  2%]
tests/test_edge_cases.py::test_sentence_chunker_preserves_punctuation_and_final_sentence PASSED [  3%]
tests/test_edge_cases.py::test_recursive_chunker_preserves_content_and_enforces_size[None] PASSED [  4%]
tests/test_edge_cases.py::test_recursive_chunker_preserves_content_and_enforces_size[separators1] PASSED [  6%]
tests/test_edge_cases.py::test_recursive_chunker_preserves_content_and_enforces_size[separators2] PASSED [  7%]
tests/test_edge_cases.py::test_recursive_chunker_preserves_content_and_enforces_size[separators3] PASSED [  8%]
tests/test_edge_cases.py::test_recursive_chunker_merges_adjacent_short_lines PASSED [  9%]
tests/test_edge_cases.py::test_empty_comparison_has_no_chunks_or_division_by_zero PASSED [ 11%]
tests/test_edge_cases.py::test_cosine_is_scale_invariant_and_accepts_empty_vectors PASSED [ 12%]
tests/test_edge_cases.py::test_cosine_rejects_different_dimensions_instead_of_truncating PASSED [ 13%]
tests/test_edge_cases.py::test_store_copies_metadata_on_ingest_and_on_search PASSED [ 14%]
tests/test_edge_cases.py::test_store_defaults_doc_id_without_mutating_document_metadata PASSED [ 16%]
tests/test_edge_cases.py::test_duplicate_ids_append_and_delete_removes_every_matching_record PASSED [ 17%]
tests/test_edge_cases.py::test_delete_uses_original_doc_id_and_keeps_other_documents PASSED [ 18%]
tests/test_edge_cases.py::test_filter_all_fields_before_ranking_and_top_k PASSED [ 19%]
tests/test_edge_cases.py::test_nonpositive_top_k_returns_no_results[0] PASSED [ 20%]
tests/test_edge_cases.py::test_nonpositive_top_k_returns_no_results[-1] PASSED [ 22%]
tests/test_edge_cases.py::test_agent_passes_retrieved_context_source_and_question_to_llm PASSED [ 23%]
tests/test_edge_cases.py::test_agent_with_empty_store_does_not_call_llm PASSED [ 24%]
tests/test_heading_chunking.py::test_blank_markdown_has_no_chunks[] PASSED [ 25%]
tests/test_heading_chunking.py::test_blank_markdown_has_no_chunks[ \n\t\r\n ] PASSED [ 27%]
tests/test_heading_chunking.py::test_child_section_keeps_parents_but_not_sibling_heading PASSED [ 28%]
tests/test_heading_chunking.py::test_long_section_repeats_context_and_retains_body_in_order PASSED [ 29%]
tests/test_heading_chunking.py::test_preamble_and_empty_sections_are_retained PASSED [ 30%]
tests/test_heading_chunking.py::test_hash_lines_inside_fenced_code_are_not_section_boundaries PASSED [ 32%]
tests/test_heading_chunking.py::test_oversized_heading_falls_back_without_losing_content PASSED [ 33%]
tests/test_heading_chunking.py::test_long_heading_does_not_repeat_for_every_few_body_characters PASSED [ 34%]
tests/test_heading_chunking.py::test_document_without_headings_uses_recursive_body_splitting PASSED [ 35%]
tests/test_heading_chunking.py::test_nonpositive_chunk_size_is_rejected[0] PASSED [ 37%]
tests/test_heading_chunking.py::test_nonpositive_chunk_size_is_rejected[-1] PASSED [ 38%]
tests/test_shopee_benchmark.py::test_metadata_is_preserved_but_not_embedded PASSED [ 39%]
tests/test_shopee_benchmark.py::test_evidence_requires_all_phrases_in_same_chunk_and_doc PASSED [ 40%]
tests/test_shopee_benchmark.py::test_validation_rejects_wrong_query_count_and_invented_evidence PASSED [ 41%]
tests/test_shopee_benchmark.py::test_rag_uses_filtered_context_original_query_embeddings_and_only_15_answers PASSED [ 43%]
tests/test_shopee_benchmark.py::test_mock_output_is_explicitly_an_offline_non_llm_smoke PASSED [ 44%]
tests/test_shopee_benchmark.py::test_embedding_cache_is_separated_by_task_and_vectors_are_normalized PASSED [ 45%]
tests/test_shopee_benchmark.py::test_api_errors_never_expose_response_or_key PASSED [ 46%]
tests/test_shopee_benchmark.py::test_generation_cache_preserves_model_settings_and_disables_function_calls PASSED [ 48%]
tests/test_solution.py::TestProjectStructure::test_root_main_entrypoint_exists PASSED [ 49%]
tests/test_solution.py::TestProjectStructure::test_src_package_exists PASSED [ 50%]
tests/test_solution.py::TestClassBasedInterfaces::test_chunker_classes_exist PASSED [ 51%]
tests/test_solution.py::TestClassBasedInterfaces::test_mock_embedder_exists PASSED [ 53%]
tests/test_solution.py::TestFixedSizeChunker::test_chunks_respect_size PASSED [ 54%]
tests/test_solution.py::TestFixedSizeChunker::test_correct_number_of_chunks_no_overlap PASSED [ 55%]
tests/test_solution.py::TestFixedSizeChunker::test_empty_text_returns_empty_list PASSED [ 56%]
tests/test_solution.py::TestFixedSizeChunker::test_no_overlap_no_shared_content PASSED [ 58%]
tests/test_solution.py::TestFixedSizeChunker::test_overlap_creates_shared_content PASSED [ 59%]
tests/test_solution.py::TestFixedSizeChunker::test_returns_list PASSED   [ 60%]
tests/test_solution.py::TestFixedSizeChunker::test_single_chunk_if_text_shorter PASSED [ 61%]
tests/test_solution.py::TestSentenceChunker::test_chunks_are_strings PASSED [ 62%]
tests/test_solution.py::TestSentenceChunker::test_respects_max_sentences PASSED [ 64%]
tests/test_solution.py::TestSentenceChunker::test_returns_list PASSED    [ 65%]
tests/test_solution.py::TestSentenceChunker::test_single_sentence_max_gives_many_chunks PASSED [ 66%]
tests/test_solution.py::TestRecursiveChunker::test_chunks_within_size_when_possible PASSED [ 67%]
tests/test_solution.py::TestRecursiveChunker::test_empty_separators_falls_back_gracefully PASSED [ 69%]
tests/test_solution.py::TestRecursiveChunker::test_handles_double_newline_separator PASSED [ 70%]
tests/test_solution.py::TestRecursiveChunker::test_returns_list PASSED   [ 71%]
tests/test_solution.py::TestEmbeddingStore::test_add_documents_increases_size PASSED [ 72%]
tests/test_solution.py::TestEmbeddingStore::test_add_more_increases_further PASSED [ 74%]
tests/test_solution.py::TestEmbeddingStore::test_initial_size_is_zero PASSED [ 75%]
tests/test_solution.py::TestEmbeddingStore::test_search_results_have_content_key PASSED [ 76%]
tests/test_solution.py::TestEmbeddingStore::test_search_results_have_score_key PASSED [ 77%]
tests/test_solution.py::TestEmbeddingStore::test_search_results_sorted_by_score_descending PASSED [ 79%]
tests/test_solution.py::TestEmbeddingStore::test_search_returns_at_most_top_k PASSED [ 80%]
tests/test_solution.py::TestEmbeddingStore::test_search_returns_list PASSED [ 81%]
tests/test_solution.py::TestKnowledgeBaseAgent::test_answer_non_empty PASSED [ 82%]
tests/test_solution.py::TestKnowledgeBaseAgent::test_answer_returns_string PASSED [ 83%]
tests/test_solution.py::TestComputeSimilarity::test_identical_vectors_return_1 PASSED [ 85%]
tests/test_solution.py::TestComputeSimilarity::test_opposite_vectors_return_minus_1 PASSED [ 86%]
tests/test_solution.py::TestComputeSimilarity::test_orthogonal_vectors_return_0 PASSED [ 87%]
tests/test_solution.py::TestComputeSimilarity::test_zero_vector_returns_0 PASSED [ 88%]
tests/test_solution.py::TestCompareChunkingStrategies::test_counts_are_positive PASSED [ 90%]
tests/test_solution.py::TestCompareChunkingStrategies::test_each_strategy_has_count_and_avg_length PASSED [ 91%]
tests/test_solution.py::TestCompareChunkingStrategies::test_returns_three_strategies PASSED [ 92%]
tests/test_solution.py::TestEmbeddingStoreSearchWithFilter::test_filter_by_department PASSED [ 93%]
tests/test_solution.py::TestEmbeddingStoreSearchWithFilter::test_no_filter_returns_all_candidates PASSED [ 95%]
tests/test_solution.py::TestEmbeddingStoreSearchWithFilter::test_returns_at_most_top_k PASSED [ 96%]
tests/test_solution.py::TestEmbeddingStoreDeleteDocument::test_delete_reduces_collection_size PASSED [ 97%]
tests/test_solution.py::TestEmbeddingStoreDeleteDocument::test_delete_returns_false_for_nonexistent_doc PASSED [ 98%]
tests/test_solution.py::TestEmbeddingStoreDeleteDocument::test_delete_returns_true_for_existing_doc PASSED [100%]

============================= 81 passed in 0.25s ==============================
